<?xml version="1.0" encoding="UTF-8"?>
<!-- Generated by org.testng.reporters.JUnitReportReporter -->
<testsuite hostname="DESKTOP-4A76SAT" name="test.zhouceTest" tests="1" failures="0" timestamp="8 Jan 2019 08:04:37 GMT" time="0.011" errors="0">
  <testcase name="one" time="0.011" classname="test.zhouceTest"/>
</testsuite> <!-- test.zhouceTest -->
