<?xml version="1.0" encoding="UTF-8"?>
<!-- Generated by org.testng.reporters.JUnitReportReporter -->
<testsuite hostname="DESKTOP-4A76SAT" name="haha.testng" tests="2" failures="0" timestamp="29 Dec 2018 03:19:45 GMT" time="0.011" errors="0">
  <testcase name="ff" time="0.010" classname="haha.testng"/>
  <testcase name="ff" time="0.001" classname="haha.testng"/>
</testsuite> <!-- haha.testng -->
